<?xml version="1.0" encoding="UTF-8"?>
<!-- Generated by org.testng.reporters.JUnitXMLReporter -->
<testsuite ignored="0" hostname="DESKTOP-5FCNIUG" failures="0" tests="6" name="Default test" time="8.316" errors="0" timestamp="2024-10-08T09:31:00 IST">
  <testcase classname="com.LambdaTest.testScript.TestScript1" name="VerifyPageTitle" time="0.025"/>
  <testcase classname="com.LambdaTest.testScript.TestScript1" name="VerifyPageHeading" time="0.059"/>
  <testcase classname="com.LambdaTest.testScript.TestScript1" name="VerifyFormHeading" time="0.036"/>
  <testcase classname="com.LambdaTest.testScript.TestScript1" name="VerifySubmitForm" time="1.653"/>
  <testcase classname="com.LambdaTest.testScript.TestScript1" name="VerifySubmitForm" time="2.141"/>
  <testcase classname="com.LambdaTest.testScript.TestScript1" name="VerifySubmitForm" time="1.509"/>
</testsuite> <!-- Default test -->
