<?xml version="1.0" encoding="UTF-8"?>
<!-- Generated by org.testng.reporters.JUnitXMLReporter -->
<testsuite ignored="0" hostname="DESKTOP-5FCNIUG" failures="0" tests="6" name="Test" time="9.943" errors="0" timestamp="2024-12-18T13:11:00 IST">
  <testcase classname="com.LambdaTest.testScript.TestScript1" name="VerifyPageTitle" time="0.043"/>
  <testcase classname="com.LambdaTest.testScript.TestScript1" name="VerifyPageHeading" time="0.061"/>
  <testcase classname="com.LambdaTest.testScript.TestScript1" name="VerifyFormHeading" time="1.111"/>
  <testcase classname="com.LambdaTest.testScript.TestScript1" name="VerifySubmitForm" time="2.042"/>
  <testcase classname="com.LambdaTest.testScript.TestScript1" name="VerifySubmitForm" time="1.864"/>
  <testcase classname="com.LambdaTest.testScript.TestScript1" name="VerifySubmitForm" time="2.055"/>
</testsuite> <!-- Test -->
