<?xml version="1.0" encoding="UTF-8"?>
<testng-results ignored="0" total="6" passed="6" failed="0" skipped="0">
  <reporter-output>
  </reporter-output>
  <suite started-at="2024-12-18T13:10:50 IST" name="Suite" finished-at="2024-12-18T13:11:00 IST" duration-ms="9943">
    <groups>
    </groups>
    <test started-at="2024-12-18T13:10:50 IST" name="Test" finished-at="2024-12-18T13:11:00 IST" duration-ms="9943">
      <class name="com.LambdaTest.testScript.TestScript1">
        <test-method is-config="true" signature="openBrowser()[pri:0, instance:com.LambdaTest.testScript.TestScript1@45b4c3a9]" started-at="2024-12-18T13:10:46 IST" name="openBrowser" finished-at="2024-12-18T13:10:50 IST" duration-ms="4452" status="PASS">
          <reporter-output>
          </reporter-output>
        </test-method> <!-- openBrowser -->
        <test-method is-config="true" signature="getMethodName(java.lang.reflect.Method)[pri:0, instance:com.LambdaTest.testScript.TestScript1@45b4c3a9]" started-at="2024-12-18T13:10:50 IST" name="getMethodName" finished-at="2024-12-18T13:10:50 IST" duration-ms="17" status="PASS">
          <params>
            <param index="0">
              <value>
                <![CDATA[public void com.LambdaTest.testScript.TestScript1.VerifyPageTitle()]]>
              </value>
            </param>
          </params>
          <reporter-output>
          </reporter-output>
        </test-method> <!-- getMethodName -->
        <test-method signature="VerifyPageTitle()[pri:0, instance:com.LambdaTest.testScript.TestScript1@45b4c3a9]" started-at="2024-12-18T13:10:50 IST" name="VerifyPageTitle" finished-at="2024-12-18T13:10:50 IST" duration-ms="43" status="PASS">
          <reporter-output>
          </reporter-output>
        </test-method> <!-- VerifyPageTitle -->
        <test-method is-config="true" signature="setTestResult(org.testng.ITestResult,java.lang.reflect.Method)[pri:0, instance:com.LambdaTest.testScript.TestScript1@45b4c3a9]" started-at="2024-12-18T13:10:50 IST" name="setTestResult" finished-at="2024-12-18T13:10:51 IST" duration-ms="363" status="PASS">
          <params>
            <param index="0">
              <value>
                <![CDATA[[TestResult name=VerifyPageTitle status=SUCCESS method=TestScript1.VerifyPageTitle()[pri:0, instance:com.LambdaTest.testScript.TestScript1@45b4c3a9] output={null}]]]>
              </value>
            </param>
            <param index="1">
              <value>
                <![CDATA[public void com.LambdaTest.testScript.TestScript1.VerifyPageTitle()]]>
              </value>
            </param>
          </params>
          <reporter-output>
          </reporter-output>
        </test-method> <!-- setTestResult -->
        <test-method is-config="true" signature="getMethodName(java.lang.reflect.Method)[pri:0, instance:com.LambdaTest.testScript.TestScript1@45b4c3a9]" started-at="2024-12-18T13:10:51 IST" name="getMethodName" finished-at="2024-12-18T13:10:51 IST" duration-ms="1" status="PASS">
          <params>
            <param index="0">
              <value>
                <![CDATA[public void com.LambdaTest.testScript.TestScript1.VerifyPageHeading()]]>
              </value>
            </param>
          </params>
          <reporter-output>
          </reporter-output>
        </test-method> <!-- getMethodName -->
        <test-method signature="VerifyPageHeading()[pri:1, instance:com.LambdaTest.testScript.TestScript1@45b4c3a9]" started-at="2024-12-18T13:10:51 IST" name="VerifyPageHeading" finished-at="2024-12-18T13:10:51 IST" duration-ms="61" status="PASS">
          <reporter-output>
          </reporter-output>
        </test-method> <!-- VerifyPageHeading -->
        <test-method is-config="true" signature="setTestResult(org.testng.ITestResult,java.lang.reflect.Method)[pri:0, instance:com.LambdaTest.testScript.TestScript1@45b4c3a9]" started-at="2024-12-18T13:10:51 IST" name="setTestResult" finished-at="2024-12-18T13:10:51 IST" duration-ms="232" status="PASS">
          <params>
            <param index="0">
              <value>
                <![CDATA[[TestResult name=VerifyPageHeading status=SUCCESS method=TestScript1.VerifyPageHeading()[pri:1, instance:com.LambdaTest.testScript.TestScript1@45b4c3a9] output={null}]]]>
              </value>
            </param>
            <param index="1">
              <value>
                <![CDATA[public void com.LambdaTest.testScript.TestScript1.VerifyPageHeading()]]>
              </value>
            </param>
          </params>
          <reporter-output>
          </reporter-output>
        </test-method> <!-- setTestResult -->
        <test-method is-config="true" signature="getMethodName(java.lang.reflect.Method)[pri:0, instance:com.LambdaTest.testScript.TestScript1@45b4c3a9]" started-at="2024-12-18T13:10:51 IST" name="getMethodName" finished-at="2024-12-18T13:10:51 IST" duration-ms="2" status="PASS">
          <params>
            <param index="0">
              <value>
                <![CDATA[public void com.LambdaTest.testScript.TestScript1.VerifyFormHeading()]]>
              </value>
            </param>
          </params>
          <reporter-output>
          </reporter-output>
        </test-method> <!-- getMethodName -->
        <test-method signature="VerifyFormHeading()[pri:3, instance:com.LambdaTest.testScript.TestScript1@45b4c3a9]" started-at="2024-12-18T13:10:51 IST" name="VerifyFormHeading" finished-at="2024-12-18T13:10:52 IST" duration-ms="1111" status="PASS">
          <reporter-output>
          </reporter-output>
        </test-method> <!-- VerifyFormHeading -->
        <test-method is-config="true" signature="setTestResult(org.testng.ITestResult,java.lang.reflect.Method)[pri:0, instance:com.LambdaTest.testScript.TestScript1@45b4c3a9]" started-at="2024-12-18T13:10:52 IST" name="setTestResult" finished-at="2024-12-18T13:10:52 IST" duration-ms="227" status="PASS">
          <params>
            <param index="0">
              <value>
                <![CDATA[[TestResult name=VerifyFormHeading status=SUCCESS method=TestScript1.VerifyFormHeading()[pri:3, instance:com.LambdaTest.testScript.TestScript1@45b4c3a9] output={null}]]]>
              </value>
            </param>
            <param index="1">
              <value>
                <![CDATA[public void com.LambdaTest.testScript.TestScript1.VerifyFormHeading()]]>
              </value>
            </param>
          </params>
          <reporter-output>
          </reporter-output>
        </test-method> <!-- setTestResult -->
        <test-method is-config="true" signature="getMethodName(java.lang.reflect.Method)[pri:0, instance:com.LambdaTest.testScript.TestScript1@45b4c3a9]" started-at="2024-12-18T13:10:54 IST" name="getMethodName" finished-at="2024-12-18T13:10:54 IST" duration-ms="3" status="PASS">
          <params>
            <param index="0">
              <value>
                <![CDATA[public void com.LambdaTest.testScript.TestScript1.VerifySubmitForm(java.lang.String,java.lang.String,java.lang.String,java.lang.String,java.lang.String,java.lang.String,java.lang.String,java.lang.String,java.lang.String,java.lang.String) throws java.lang.InterruptedException]]>
              </value>
            </param>
          </params>
          <reporter-output>
          </reporter-output>
        </test-method> <!-- getMethodName -->
        <test-method signature="VerifySubmitForm(java.lang.String,java.lang.String,java.lang.String,java.lang.String,java.lang.String,java.lang.String,java.lang.String,java.lang.String,java.lang.String,java.lang.String)[pri:4, instance:com.LambdaTest.testScript.TestScript1@45b4c3a9]" started-at="2024-12-18T13:10:54 IST" name="VerifySubmitForm" data-provider="formData" finished-at="2024-12-18T13:10:56 IST" duration-ms="2042" status="PASS">
          <params>
            <param index="0">
              <value>
                <![CDATA[Amit]]>
              </value>
            </param>
            <param index="1">
              <value>
                <![CDATA[amit1@test.com]]>
              </value>
            </param>
            <param index="2">
              <value>
                <![CDATA[Test@123]]>
              </value>
            </param>
            <param index="3">
              <value>
                <![CDATA[Google]]>
              </value>
            </param>
            <param index="4">
              <value>
                <![CDATA[Google.com]]>
              </value>
            </param>
            <param index="5">
              <value>
                <![CDATA[Noida]]>
              </value>
            </param>
            <param index="6">
              <value>
                <![CDATA[Address1]]>
              </value>
            </param>
            <param index="7">
              <value>
                <![CDATA[Address4]]>
              </value>
            </param>
            <param index="8">
              <value>
                <![CDATA[UP]]>
              </value>
            </param>
            <param index="9">
              <value>
                <![CDATA[10001]]>
              </value>
            </param>
          </params>
          <reporter-output>
          </reporter-output>
        </test-method> <!-- VerifySubmitForm -->
        <test-method is-config="true" signature="setTestResult(org.testng.ITestResult,java.lang.reflect.Method)[pri:0, instance:com.LambdaTest.testScript.TestScript1@45b4c3a9]" started-at="2024-12-18T13:10:56 IST" name="setTestResult" finished-at="2024-12-18T13:10:56 IST" duration-ms="212" status="PASS">
          <params>
            <param index="0">
              <value>
                <![CDATA[[TestResult name=VerifySubmitForm status=SUCCESS method=TestScript1.VerifySubmitForm(java.lang.String,java.lang.String,java.lang.String,java.lang.String,java.lang.String,java.lang.String,java.lang.String,java.lang.String,java.lang.String,java.lang.String)[pri:4, instance:com.LambdaTest.testScript.TestScript1@45b4c3a9] output={null}]]]>
              </value>
            </param>
            <param index="1">
              <value>
                <![CDATA[public void com.LambdaTest.testScript.TestScript1.VerifySubmitForm(java.lang.String,java.lang.String,java.lang.String,java.lang.String,java.lang.String,java.lang.String,java.lang.String,java.lang.String,java.lang.String,java.lang.String) throws java.lang.InterruptedException]]>
              </value>
            </param>
          </params>
          <reporter-output>
          </reporter-output>
        </test-method> <!-- setTestResult -->
        <test-method is-config="true" signature="getMethodName(java.lang.reflect.Method)[pri:0, instance:com.LambdaTest.testScript.TestScript1@45b4c3a9]" started-at="2024-12-18T13:10:56 IST" name="getMethodName" finished-at="2024-12-18T13:10:56 IST" duration-ms="1" status="PASS">
          <params>
            <param index="0">
              <value>
                <![CDATA[public void com.LambdaTest.testScript.TestScript1.VerifySubmitForm(java.lang.String,java.lang.String,java.lang.String,java.lang.String,java.lang.String,java.lang.String,java.lang.String,java.lang.String,java.lang.String,java.lang.String) throws java.lang.InterruptedException]]>
              </value>
            </param>
          </params>
          <reporter-output>
          </reporter-output>
        </test-method> <!-- getMethodName -->
        <test-method signature="VerifySubmitForm(java.lang.String,java.lang.String,java.lang.String,java.lang.String,java.lang.String,java.lang.String,java.lang.String,java.lang.String,java.lang.String,java.lang.String)[pri:4, instance:com.LambdaTest.testScript.TestScript1@45b4c3a9]" started-at="2024-12-18T13:10:56 IST" name="VerifySubmitForm" data-provider="formData" finished-at="2024-12-18T13:10:58 IST" duration-ms="1864" status="PASS">
          <params>
            <param index="0">
              <value>
                <![CDATA[Sumit]]>
              </value>
            </param>
            <param index="1">
              <value>
                <![CDATA[sumit1@test.com]]>
              </value>
            </param>
            <param index="2">
              <value>
                <![CDATA[Test@124]]>
              </value>
            </param>
            <param index="3">
              <value>
                <![CDATA[Amazon]]>
              </value>
            </param>
            <param index="4">
              <value>
                <![CDATA[Amazon]]>
              </value>
            </param>
            <param index="5">
              <value>
                <![CDATA[Gurugram]]>
              </value>
            </param>
            <param index="6">
              <value>
                <![CDATA[Address2]]>
              </value>
            </param>
            <param index="7">
              <value>
                <![CDATA[Address5]]>
              </value>
            </param>
            <param index="8">
              <value>
                <![CDATA[HRY]]>
              </value>
            </param>
            <param index="9">
              <value>
                <![CDATA[10002]]>
              </value>
            </param>
          </params>
          <reporter-output>
          </reporter-output>
        </test-method> <!-- VerifySubmitForm -->
        <test-method is-config="true" signature="setTestResult(org.testng.ITestResult,java.lang.reflect.Method)[pri:0, instance:com.LambdaTest.testScript.TestScript1@45b4c3a9]" started-at="2024-12-18T13:10:58 IST" name="setTestResult" finished-at="2024-12-18T13:10:58 IST" duration-ms="208" status="PASS">
          <params>
            <param index="0">
              <value>
                <![CDATA[[TestResult name=VerifySubmitForm status=SUCCESS method=TestScript1.VerifySubmitForm(java.lang.String,java.lang.String,java.lang.String,java.lang.String,java.lang.String,java.lang.String,java.lang.String,java.lang.String,java.lang.String,java.lang.String)[pri:4, instance:com.LambdaTest.testScript.TestScript1@45b4c3a9] output={null}]]]>
              </value>
            </param>
            <param index="1">
              <value>
                <![CDATA[public void com.LambdaTest.testScript.TestScript1.VerifySubmitForm(java.lang.String,java.lang.String,java.lang.String,java.lang.String,java.lang.String,java.lang.String,java.lang.String,java.lang.String,java.lang.String,java.lang.String) throws java.lang.InterruptedException]]>
              </value>
            </param>
          </params>
          <reporter-output>
          </reporter-output>
        </test-method> <!-- setTestResult -->
        <test-method is-config="true" signature="getMethodName(java.lang.reflect.Method)[pri:0, instance:com.LambdaTest.testScript.TestScript1@45b4c3a9]" started-at="2024-12-18T13:10:58 IST" name="getMethodName" finished-at="2024-12-18T13:10:58 IST" duration-ms="1" status="PASS">
          <params>
            <param index="0">
              <value>
                <![CDATA[public void com.LambdaTest.testScript.TestScript1.VerifySubmitForm(java.lang.String,java.lang.String,java.lang.String,java.lang.String,java.lang.String,java.lang.String,java.lang.String,java.lang.String,java.lang.String,java.lang.String) throws java.lang.InterruptedException]]>
              </value>
            </param>
          </params>
          <reporter-output>
          </reporter-output>
        </test-method> <!-- getMethodName -->
        <test-method signature="VerifySubmitForm(java.lang.String,java.lang.String,java.lang.String,java.lang.String,java.lang.String,java.lang.String,java.lang.String,java.lang.String,java.lang.String,java.lang.String)[pri:4, instance:com.LambdaTest.testScript.TestScript1@45b4c3a9]" started-at="2024-12-18T13:10:58 IST" name="VerifySubmitForm" data-provider="formData" finished-at="2024-12-18T13:11:00 IST" duration-ms="2055" status="PASS">
          <params>
            <param index="0">
              <value>
                <![CDATA[Pankaj]]>
              </value>
            </param>
            <param index="1">
              <value>
                <![CDATA[pankaj@test.com]]>
              </value>
            </param>
            <param index="2">
              <value>
                <![CDATA[Test@125]]>
              </value>
            </param>
            <param index="3">
              <value>
                <![CDATA[Samsung]]>
              </value>
            </param>
            <param index="4">
              <value>
                <![CDATA[Samsung.com]]>
              </value>
            </param>
            <param index="5">
              <value>
                <![CDATA[Delhi]]>
              </value>
            </param>
            <param index="6">
              <value>
                <![CDATA[Address3]]>
              </value>
            </param>
            <param index="7">
              <value>
                <![CDATA[Address6]]>
              </value>
            </param>
            <param index="8">
              <value>
                <![CDATA[DLH]]>
              </value>
            </param>
            <param index="9">
              <value>
                <![CDATA[10003]]>
              </value>
            </param>
          </params>
          <reporter-output>
          </reporter-output>
        </test-method> <!-- VerifySubmitForm -->
        <test-method is-config="true" signature="setTestResult(org.testng.ITestResult,java.lang.reflect.Method)[pri:0, instance:com.LambdaTest.testScript.TestScript1@45b4c3a9]" started-at="2024-12-18T13:11:00 IST" name="setTestResult" finished-at="2024-12-18T13:11:00 IST" duration-ms="181" status="PASS">
          <params>
            <param index="0">
              <value>
                <![CDATA[[TestResult name=VerifySubmitForm status=SUCCESS method=TestScript1.VerifySubmitForm(java.lang.String,java.lang.String,java.lang.String,java.lang.String,java.lang.String,java.lang.String,java.lang.String,java.lang.String,java.lang.String,java.lang.String)[pri:4, instance:com.LambdaTest.testScript.TestScript1@45b4c3a9] output={null}]]]>
              </value>
            </param>
            <param index="1">
              <value>
                <![CDATA[public void com.LambdaTest.testScript.TestScript1.VerifySubmitForm(java.lang.String,java.lang.String,java.lang.String,java.lang.String,java.lang.String,java.lang.String,java.lang.String,java.lang.String,java.lang.String,java.lang.String) throws java.lang.InterruptedException]]>
              </value>
            </param>
          </params>
          <reporter-output>
          </reporter-output>
        </test-method> <!-- setTestResult -->
        <test-method is-config="true" signature="generateReport()[pri:0, instance:com.LambdaTest.testScript.TestScript1@45b4c3a9]" started-at="2024-12-18T13:11:00 IST" name="generateReport" finished-at="2024-12-18T13:11:01 IST" duration-ms="953" status="PASS">
          <reporter-output>
          </reporter-output>
        </test-method> <!-- generateReport -->
      </class> <!-- com.LambdaTest.testScript.TestScript1 -->
    </test> <!-- Test -->
  </suite> <!-- Suite -->
</testng-results>
